<?xml version="1.0" encoding="UTF-8"?>
<!-- Generated by org.testng.reporters.JUnitReportReporter -->
<testsuite hostname="DESKTOP-CEI4P0U" failures="0" tests="4" name="runner.TestRunner" time="259.770" errors="0" timestamp="2025-03-18T14:39:49 IST" skipped="0">
  <testcase classname="runner.TestRunner" name="runScenario" time="12.844"/>
  <system-out/>
  <testcase classname="runner.TestRunner" name="runScenario" time="25.499"/>
  <system-out/>
  <testcase classname="runner.TestRunner" name="runScenario" time="24.023"/>
  <system-out/>
  <testcase classname="runner.TestRunner" name="runScenario" time="197.404"/>
  <system-out/>
</testsuite> <!-- runner.TestRunner -->
