<?xml version="1.0" encoding="UTF-8"?>
<!-- Generated by org.testng.reporters.JUnitReportReporter -->
<testsuite hostname="DESKTOP-CEI4P0U" failures="0" tests="5" name="com.tests.Testing1" time="226.775" errors="0" timestamp="2025-03-17T16:52:31 IST" skipped="0">
  <testcase classname="com.tests.Testing1" name="verifyHomePage" time="12.330"/>
  <system-out/>
  <testcase classname="com.tests.Testing1" name="verifyPracticePage" time="123.122"/>
  <system-out/>
  <testcase classname="com.tests.Testing1" name="verifyCoursesSearch" time="21.361"/>
  <system-out/>
  <testcase classname="com.tests.Testing1" name="LoginPage" time="28.679"/>
  <system-out/>
  <testcase classname="com.tests.Testing1" name="RegistrationPage" time="41.283"/>
  <system-out/>
</testsuite> <!-- com.tests.Testing1 -->
